Analysis & Synthesis report for Part4
Wed Oct 02 13:53:45 2019
Quartus Prime Version 18.1.0 Build 625 09/12/2018 SJ Lite Edition


---------------------
; Table of Contents ;
---------------------
  1. Legal Notice
  2. Analysis & Synthesis Summary
  3. Analysis & Synthesis Settings
  4. Parallel Compilation
  5. Analysis & Synthesis Source Files Read
  6. Analysis & Synthesis Resource Usage Summary
  7. Analysis & Synthesis Resource Utilization by Entity
  8. User-Specified and Inferred Latches
  9. General Register Statistics
 10. Multiplexer Restructuring Statistics (Restructuring Performed)
 11. Post-Synthesis Netlist Statistics for Top Partition
 12. Elapsed Time Per Partition
 13. Analysis & Synthesis Messages
 14. Analysis & Synthesis Suppressed Messages



----------------
; Legal Notice ;
----------------
Copyright (C) 2018  Intel Corporation. All rights reserved.
Your use of Intel Corporation's design tools, logic functions 
and other software and tools, and its AMPP partner logic 
functions, and any output files from any of the foregoing 
(including device programming or simulation files), and any 
associated documentation or information are expressly subject 
to the terms and conditions of the Intel Program License 
Subscription Agreement, the Intel Quartus Prime License Agreement,
the Intel FPGA IP License Agreement, or other applicable license
agreement, including, without limitation, that your use is for
the sole purpose of programming logic devices manufactured by
Intel and sold by Intel or its authorized distributors.  Please
refer to the applicable agreement for further details.



+----------------------------------------------------------------------------------+
; Analysis & Synthesis Summary                                                     ;
+------------------------------------+---------------------------------------------+
; Analysis & Synthesis Status        ; Successful - Wed Oct 02 13:53:45 2019       ;
; Quartus Prime Version              ; 18.1.0 Build 625 09/12/2018 SJ Lite Edition ;
; Revision Name                      ; Part4                                       ;
; Top-level Entity Name              ; Part4                                       ;
; Family                             ; MAX 10                                      ;
; Total logic elements               ; 245                                         ;
;     Total combinational functions  ; 229                                         ;
;     Dedicated logic registers      ; 32                                          ;
; Total registers                    ; 32                                          ;
; Total pins                         ; 55                                          ;
; Total virtual pins                 ; 0                                           ;
; Total memory bits                  ; 0                                           ;
; Embedded Multiplier 9-bit elements ; 0                                           ;
; Total PLLs                         ; 0                                           ;
; UFM blocks                         ; 0                                           ;
; ADC blocks                         ; 0                                           ;
+------------------------------------+---------------------------------------------+


+------------------------------------------------------------------------------------------------------------+
; Analysis & Synthesis Settings                                                                              ;
+------------------------------------------------------------------+--------------------+--------------------+
; Option                                                           ; Setting            ; Default Value      ;
+------------------------------------------------------------------+--------------------+--------------------+
; Device                                                           ; 10M50DAF484C7G     ;                    ;
; Top-level entity name                                            ; Part4              ; Part4              ;
; Family name                                                      ; MAX 10             ; Cyclone V          ;
; Type of Retiming Performed During Resynthesis                    ; Full               ;                    ;
; Resynthesis Optimization Effort                                  ; Normal             ;                    ;
; Physical Synthesis Level for Resynthesis                         ; Normal             ;                    ;
; Use Generated Physical Constraints File                          ; On                 ;                    ;
; Use smart compilation                                            ; Off                ; Off                ;
; Enable parallel Assembler and Timing Analyzer during compilation ; On                 ; On                 ;
; Enable compact report table                                      ; Off                ; Off                ;
; Restructure Multiplexers                                         ; Auto               ; Auto               ;
; Create Debugging Nodes for IP Cores                              ; Off                ; Off                ;
; Preserve fewer node names                                        ; On                 ; On                 ;
; Intel FPGA IP Evaluation Mode                                    ; Enable             ; Enable             ;
; Verilog Version                                                  ; Verilog_2001       ; Verilog_2001       ;
; VHDL Version                                                     ; VHDL_1993          ; VHDL_1993          ;
; State Machine Processing                                         ; Auto               ; Auto               ;
; Safe State Machine                                               ; Off                ; Off                ;
; Extract Verilog State Machines                                   ; On                 ; On                 ;
; Extract VHDL State Machines                                      ; On                 ; On                 ;
; Ignore Verilog initial constructs                                ; Off                ; Off                ;
; Iteration limit for constant Verilog loops                       ; 5000               ; 5000               ;
; Iteration limit for non-constant Verilog loops                   ; 250                ; 250                ;
; Add Pass-Through Logic to Inferred RAMs                          ; On                 ; On                 ;
; Infer RAMs from Raw Logic                                        ; On                 ; On                 ;
; Parallel Synthesis                                               ; On                 ; On                 ;
; DSP Block Balancing                                              ; Auto               ; Auto               ;
; NOT Gate Push-Back                                               ; On                 ; On                 ;
; Power-Up Don't Care                                              ; On                 ; On                 ;
; Remove Redundant Logic Cells                                     ; Off                ; Off                ;
; Remove Duplicate Registers                                       ; On                 ; On                 ;
; Ignore CARRY Buffers                                             ; Off                ; Off                ;
; Ignore CASCADE Buffers                                           ; Off                ; Off                ;
; Ignore GLOBAL Buffers                                            ; Off                ; Off                ;
; Ignore ROW GLOBAL Buffers                                        ; Off                ; Off                ;
; Ignore LCELL Buffers                                             ; Off                ; Off                ;
; Ignore SOFT Buffers                                              ; On                 ; On                 ;
; Limit AHDL Integers to 32 Bits                                   ; Off                ; Off                ;
; Optimization Technique                                           ; Balanced           ; Balanced           ;
; Carry Chain Length                                               ; 70                 ; 70                 ;
; Auto Carry Chains                                                ; On                 ; On                 ;
; Auto Open-Drain Pins                                             ; On                 ; On                 ;
; Perform WYSIWYG Primitive Resynthesis                            ; Off                ; Off                ;
; Auto ROM Replacement                                             ; On                 ; On                 ;
; Auto RAM Replacement                                             ; On                 ; On                 ;
; Auto DSP Block Replacement                                       ; On                 ; On                 ;
; Auto Shift Register Replacement                                  ; Auto               ; Auto               ;
; Allow Shift Register Merging across Hierarchies                  ; Auto               ; Auto               ;
; Auto Clock Enable Replacement                                    ; On                 ; On                 ;
; Strict RAM Replacement                                           ; Off                ; Off                ;
; Allow Synchronous Control Signals                                ; On                 ; On                 ;
; Force Use of Synchronous Clear Signals                           ; Off                ; Off                ;
; Auto RAM Block Balancing                                         ; On                 ; On                 ;
; Auto RAM to Logic Cell Conversion                                ; Off                ; Off                ;
; Auto Resource Sharing                                            ; Off                ; Off                ;
; Allow Any RAM Size For Recognition                               ; Off                ; Off                ;
; Allow Any ROM Size For Recognition                               ; Off                ; Off                ;
; Allow Any Shift Register Size For Recognition                    ; Off                ; Off                ;
; Use LogicLock Constraints during Resource Balancing              ; On                 ; On                 ;
; Ignore translate_off and synthesis_off directives                ; Off                ; Off                ;
; Timing-Driven Synthesis                                          ; On                 ; On                 ;
; Report Parameter Settings                                        ; On                 ; On                 ;
; Report Source Assignments                                        ; On                 ; On                 ;
; Report Connectivity Checks                                       ; On                 ; On                 ;
; Ignore Maximum Fan-Out Assignments                               ; Off                ; Off                ;
; Synchronization Register Chain Length                            ; 2                  ; 2                  ;
; Power Optimization During Synthesis                              ; Normal compilation ; Normal compilation ;
; HDL message level                                                ; Level2             ; Level2             ;
; Suppress Register Optimization Related Messages                  ; Off                ; Off                ;
; Number of Removed Registers Reported in Synthesis Report         ; 5000               ; 5000               ;
; Number of Swept Nodes Reported in Synthesis Report               ; 5000               ; 5000               ;
; Number of Inverted Registers Reported in Synthesis Report        ; 100                ; 100                ;
; Clock MUX Protection                                             ; On                 ; On                 ;
; Auto Gated Clock Conversion                                      ; Off                ; Off                ;
; Block Design Naming                                              ; Auto               ; Auto               ;
; SDC constraint protection                                        ; Off                ; Off                ;
; Synthesis Effort                                                 ; Auto               ; Auto               ;
; Shift Register Replacement - Allow Asynchronous Clear Signal     ; On                 ; On                 ;
; Pre-Mapping Resynthesis Optimization                             ; Off                ; Off                ;
; Analysis & Synthesis Message Level                               ; Medium             ; Medium             ;
; Disable Register Merging Across Hierarchies                      ; Auto               ; Auto               ;
; Resource Aware Inference For Block RAM                           ; On                 ; On                 ;
+------------------------------------------------------------------+--------------------+--------------------+


+------------------------------------------+
; Parallel Compilation                     ;
+----------------------------+-------------+
; Processors                 ; Number      ;
+----------------------------+-------------+
; Number detected on machine ; 4           ;
; Maximum allowed            ; 4           ;
;                            ;             ;
; Average used               ; 1.00        ;
; Maximum used               ; 4           ;
;                            ;             ;
; Usage by Processor         ; % Time Used ;
;     Processor 1            ; 100.0%      ;
;     Processor 2            ;   0.0%      ;
;     Processors 3-4         ;   0.0%      ;
+----------------------------+-------------+


+-----------------------------------------------------------------------------------------------------------------------------------------------------+
; Analysis & Synthesis Source Files Read                                                                                                              ;
+----------------------------------+-----------------+------------------------+-------------------------------------------------------------+---------+
; File Name with User-Entered Path ; Used in Netlist ; File Type              ; File Name with Absolute Path                                ; Library ;
+----------------------------------+-----------------+------------------------+-------------------------------------------------------------+---------+
; Part4.v                          ; yes             ; User Verilog HDL File  ; E:/Masters/Computer Hardware Design/Lab/Lab 6/Part4/Part4.v ;         ;
+----------------------------------+-----------------+------------------------+-------------------------------------------------------------+---------+


+------------------------------------------------------------+
; Analysis & Synthesis Resource Usage Summary                ;
+---------------------------------------------+--------------+
; Resource                                    ; Usage        ;
+---------------------------------------------+--------------+
; Estimated Total logic elements              ; 245          ;
;                                             ;              ;
; Total combinational functions               ; 229          ;
; Logic element usage by number of LUT inputs ;              ;
;     -- 4 input functions                    ; 90           ;
;     -- 3 input functions                    ; 68           ;
;     -- <=2 input functions                  ; 71           ;
;                                             ;              ;
; Logic elements by mode                      ;              ;
;     -- normal mode                          ; 137          ;
;     -- arithmetic mode                      ; 92           ;
;                                             ;              ;
; Total registers                             ; 32           ;
;     -- Dedicated logic registers            ; 32           ;
;     -- I/O registers                        ; 0            ;
;                                             ;              ;
; I/O pins                                    ; 55           ;
;                                             ;              ;
; Embedded Multiplier 9-bit elements          ; 0            ;
;                                             ;              ;
; Maximum fan-out node                        ; KEY[1]~input ;
; Maximum fan-out                             ; 32           ;
; Total fan-out                               ; 903          ;
; Average fan-out                             ; 2.43         ;
+---------------------------------------------+--------------+


+---------------------------------------------------------------------------------------------------------------------------------------------------------------------------------------------------------------------------------------+
; Analysis & Synthesis Resource Utilization by Entity                                                                                                                                                                                   ;
+----------------------------+---------------------+---------------------------+-------------+------------+--------------+---------+-----------+------+--------------+------------+------------------------+-------------+--------------+
; Compilation Hierarchy Node ; Combinational ALUTs ; Dedicated Logic Registers ; Memory Bits ; UFM Blocks ; DSP Elements ; DSP 9x9 ; DSP 18x18 ; Pins ; Virtual Pins ; ADC blocks ; Full Hierarchy Name    ; Entity Name ; Library Name ;
+----------------------------+---------------------+---------------------------+-------------+------------+--------------+---------+-----------+------+--------------+------------+------------------------+-------------+--------------+
; |Part4                     ; 229 (0)             ; 32 (0)                    ; 0           ; 0          ; 0            ; 0       ; 0         ; 55   ; 0            ; 0          ; |Part4                 ; Part4       ; work         ;
;    |DFlipFlop1:dff3|       ; 0 (0)               ; 16 (16)                   ; 0           ; 0          ; 0            ; 0       ; 0         ; 0    ; 0            ; 0          ; |Part4|DFlipFlop1:dff3 ; DFlipFlop1  ; work         ;
;    |DFlipFlop:dff1|        ; 0 (0)               ; 8 (8)                     ; 0           ; 0          ; 0            ; 0       ; 0         ; 0    ; 0            ; 0          ; |Part4|DFlipFlop:dff1  ; DFlipFlop   ; work         ;
;    |DFlipFlop:dff2|        ; 0 (0)               ; 8 (8)                     ; 0           ; 0          ; 0            ; 0       ; 0         ; 0    ; 0            ; 0          ; |Part4|DFlipFlop:dff2  ; DFlipFlop   ; work         ;
;    |decoder:d1|            ; 7 (7)               ; 0 (0)                     ; 0           ; 0          ; 0            ; 0       ; 0         ; 0    ; 0            ; 0          ; |Part4|decoder:d1      ; decoder     ; work         ;
;    |decoder:d2|            ; 7 (7)               ; 0 (0)                     ; 0           ; 0          ; 0            ; 0       ; 0         ; 0    ; 0            ; 0          ; |Part4|decoder:d2      ; decoder     ; work         ;
;    |decoder:d3|            ; 7 (7)               ; 0 (0)                     ; 0           ; 0          ; 0            ; 0       ; 0         ; 0    ; 0            ; 0          ; |Part4|decoder:d3      ; decoder     ; work         ;
;    |decoder:d4|            ; 7 (7)               ; 0 (0)                     ; 0           ; 0          ; 0            ; 0       ; 0         ; 0    ; 0            ; 0          ; |Part4|decoder:d4      ; decoder     ; work         ;
;    |mult8:m1|              ; 201 (201)           ; 0 (0)                     ; 0           ; 0          ; 0            ; 0       ; 0         ; 0    ; 0            ; 0          ; |Part4|mult8:m1        ; mult8       ; work         ;
+----------------------------+---------------------+---------------------------+-------------+------------+--------------+---------+-----------+------+--------------+------------+------------------------+-------------+--------------+
Note: For table entries with two numbers listed, the numbers in parentheses indicate the number of resources of the given type used by the specific entity alone. The numbers listed outside of parentheses indicate the total resources of the given type used by the specific entity and all of its sub-entities in the hierarchy.


+----------------------------------------------------------------------------------------------------+
; User-Specified and Inferred Latches                                                                ;
+-----------------------------------------------------+---------------------+------------------------+
; Latch Name                                          ; Latch Enable Signal ; Free of Timing Hazards ;
+-----------------------------------------------------+---------------------+------------------------+
; mult8:m1|p[0]                                       ; mult8:m1|p[0]       ; yes                    ;
; mult8:m1|p[1]                                       ; mult8:m1|p[1]       ; yes                    ;
; mult8:m1|p[2]                                       ; mult8:m1|p[2]       ; yes                    ;
; mult8:m1|p[3]                                       ; mult8:m1|p[3]       ; yes                    ;
; mult8:m1|p[4]                                       ; mult8:m1|p[4]       ; yes                    ;
; mult8:m1|p[5]                                       ; mult8:m1|p[5]       ; yes                    ;
; mult8:m1|p[6]                                       ; mult8:m1|p[6]       ; yes                    ;
; mult8:m1|p[7]                                       ; mult8:m1|p[15]      ; yes                    ;
; mult8:m1|p[8]                                       ; mult8:m1|p[15]      ; yes                    ;
; mult8:m1|p[9]                                       ; mult8:m1|p[15]      ; yes                    ;
; mult8:m1|p[10]                                      ; mult8:m1|p[15]      ; yes                    ;
; mult8:m1|p[11]                                      ; mult8:m1|p[15]      ; yes                    ;
; mult8:m1|p[12]                                      ; mult8:m1|p[15]      ; yes                    ;
; mult8:m1|p[13]                                      ; mult8:m1|p[15]      ; yes                    ;
; mult8:m1|p[14]                                      ; mult8:m1|p[15]      ; yes                    ;
; mult8:m1|p[15]                                      ; mult8:m1|p[15]      ; yes                    ;
; Number of user-specified and inferred latches = 16  ;                     ;                        ;
+-----------------------------------------------------+---------------------+------------------------+
Note: All latches listed above may not be present at the end of synthesis due to various synthesis optimizations.


+------------------------------------------------------+
; General Register Statistics                          ;
+----------------------------------------------+-------+
; Statistic                                    ; Value ;
+----------------------------------------------+-------+
; Total registers                              ; 32    ;
; Number of registers using Synchronous Clear  ; 0     ;
; Number of registers using Synchronous Load   ; 0     ;
; Number of registers using Asynchronous Clear ; 32    ;
; Number of registers using Asynchronous Load  ; 0     ;
; Number of registers using Clock Enable       ; 16    ;
; Number of registers using Preset             ; 0     ;
+----------------------------------------------+-------+


+------------------------------------------------------------------------------------------------------------------------------------------+
; Multiplexer Restructuring Statistics (Restructuring Performed)                                                                           ;
+--------------------+-----------+---------------+----------------------+------------------------+------------+----------------------------+
; Multiplexer Inputs ; Bus Width ; Baseline Area ; Area if Restructured ; Saving if Restructured ; Registered ; Example Multiplexer Output ;
+--------------------+-----------+---------------+----------------------+------------------------+------------+----------------------------+
; 8:1                ; 9 bits    ; 45 LEs        ; 45 LEs               ; 0 LEs                  ; No         ; |Part4|mult8:m1|p[7]       ;
+--------------------+-----------+---------------+----------------------+------------------------+------------+----------------------------+


+-----------------------------------------------------+
; Post-Synthesis Netlist Statistics for Top Partition ;
+-----------------------+-----------------------------+
; Type                  ; Count                       ;
+-----------------------+-----------------------------+
; boundary_port         ; 55                          ;
; cycloneiii_ff         ; 32                          ;
;     CLR               ; 16                          ;
;     ENA CLR           ; 16                          ;
; cycloneiii_lcell_comb ; 234                         ;
;     arith             ; 92                          ;
;         2 data inputs ; 56                          ;
;         3 data inputs ; 36                          ;
;     normal            ; 142                         ;
;         0 data inputs ; 1                           ;
;         1 data inputs ; 12                          ;
;         2 data inputs ; 7                           ;
;         3 data inputs ; 32                          ;
;         4 data inputs ; 90                          ;
;                       ;                             ;
; Max LUT depth         ; 8.40                        ;
; Average LUT depth     ; 5.39                        ;
+-----------------------+-----------------------------+


+-------------------------------+
; Elapsed Time Per Partition    ;
+----------------+--------------+
; Partition Name ; Elapsed Time ;
+----------------+--------------+
; Top            ; 00:00:01     ;
+----------------+--------------+


+-------------------------------+
; Analysis & Synthesis Messages ;
+-------------------------------+
Info: *******************************************************************
Info: Running Quartus Prime Analysis & Synthesis
    Info: Version 18.1.0 Build 625 09/12/2018 SJ Lite Edition
    Info: Processing started: Wed Oct 02 13:53:31 2019
Info: Command: quartus_map --read_settings_files=on --write_settings_files=off Part4 -c Part4
Warning (18236): Number of processors has not been specified which may cause overloading on shared machines.  Set the global assignment NUM_PARALLEL_PROCESSORS in your QSF to an appropriate value for best performance.
Info (20030): Parallel compilation is enabled and will use 4 of the 4 processors detected
Info (12021): Found 5 design units, including 5 entities, in source file part4.v
    Info (12023): Found entity 1: Part4 File: E:/Masters/Computer Hardware Design/Lab/Lab 6/Part4/Part4.v Line: 1
    Info (12023): Found entity 2: DFlipFlop1 File: E:/Masters/Computer Hardware Design/Lab/Lab 6/Part4/Part4.v Line: 45
    Info (12023): Found entity 3: DFlipFlop File: E:/Masters/Computer Hardware Design/Lab/Lab 6/Part4/Part4.v Line: 67
    Info (12023): Found entity 4: decoder File: E:/Masters/Computer Hardware Design/Lab/Lab 6/Part4/Part4.v Line: 91
    Info (12023): Found entity 5: mult8 File: E:/Masters/Computer Hardware Design/Lab/Lab 6/Part4/Part4.v Line: 135
Warning (10227): Verilog HDL Port Declaration warning at Part4.v(78): data type declaration for "q" declares packed dimensions but the port declaration declaration does not File: E:/Masters/Computer Hardware Design/Lab/Lab 6/Part4/Part4.v Line: 78
Info (10499): HDL info at Part4.v(76): see declaration for object "q" File: E:/Masters/Computer Hardware Design/Lab/Lab 6/Part4/Part4.v Line: 76
Warning (10227): Verilog HDL Port Declaration warning at Part4.v(55): data type declaration for "q" declares packed dimensions but the port declaration declaration does not File: E:/Masters/Computer Hardware Design/Lab/Lab 6/Part4/Part4.v Line: 55
Info (10499): HDL info at Part4.v(53): see declaration for object "q" File: E:/Masters/Computer Hardware Design/Lab/Lab 6/Part4/Part4.v Line: 53
Warning (12162): EDA synthesis tool is specified as "Custom", but Library Mapping File is not specified
Warning (12163): EDA synthesis tool is specified as "Custom", but VCC is not specified
Warning (12164): EDA synthesis tool is specified as "Custom", but GND is not specified
Info (12127): Elaborating entity "Part4" for the top level hierarchy
Warning (10230): Verilog HDL assignment warning at Part4.v(26): truncated value with size 16 to match size of target (10) File: E:/Masters/Computer Hardware Design/Lab/Lab 6/Part4/Part4.v Line: 26
Info (12128): Elaborating entity "DFlipFlop" for hierarchy "DFlipFlop:dff1" File: E:/Masters/Computer Hardware Design/Lab/Lab 6/Part4/Part4.v Line: 18
Info (12128): Elaborating entity "mult8" for hierarchy "mult8:m1" File: E:/Masters/Computer Hardware Design/Lab/Lab 6/Part4/Part4.v Line: 23
Warning (10235): Verilog HDL Always Construct warning at Part4.v(150): variable "p" is read inside the Always Construct but isn't in the Always Construct's Event Control File: E:/Masters/Computer Hardware Design/Lab/Lab 6/Part4/Part4.v Line: 150
Warning (10240): Verilog HDL Always Construct warning at Part4.v(142): inferring latch(es) for variable "p", which holds its previous value in one or more paths through the always construct File: E:/Masters/Computer Hardware Design/Lab/Lab 6/Part4/Part4.v Line: 142
Info (10041): Inferred latch for "p[0]" at Part4.v(142) File: E:/Masters/Computer Hardware Design/Lab/Lab 6/Part4/Part4.v Line: 142
Info (10041): Inferred latch for "p[1]" at Part4.v(142) File: E:/Masters/Computer Hardware Design/Lab/Lab 6/Part4/Part4.v Line: 142
Info (10041): Inferred latch for "p[2]" at Part4.v(142) File: E:/Masters/Computer Hardware Design/Lab/Lab 6/Part4/Part4.v Line: 142
Info (10041): Inferred latch for "p[3]" at Part4.v(142) File: E:/Masters/Computer Hardware Design/Lab/Lab 6/Part4/Part4.v Line: 142
Info (10041): Inferred latch for "p[4]" at Part4.v(142) File: E:/Masters/Computer Hardware Design/Lab/Lab 6/Part4/Part4.v Line: 142
Info (10041): Inferred latch for "p[5]" at Part4.v(142) File: E:/Masters/Computer Hardware Design/Lab/Lab 6/Part4/Part4.v Line: 142
Info (10041): Inferred latch for "p[6]" at Part4.v(142) File: E:/Masters/Computer Hardware Design/Lab/Lab 6/Part4/Part4.v Line: 142
Info (10041): Inferred latch for "p[7]" at Part4.v(142) File: E:/Masters/Computer Hardware Design/Lab/Lab 6/Part4/Part4.v Line: 142
Info (10041): Inferred latch for "p[8]" at Part4.v(142) File: E:/Masters/Computer Hardware Design/Lab/Lab 6/Part4/Part4.v Line: 142
Info (10041): Inferred latch for "p[9]" at Part4.v(142) File: E:/Masters/Computer Hardware Design/Lab/Lab 6/Part4/Part4.v Line: 142
Info (10041): Inferred latch for "p[10]" at Part4.v(142) File: E:/Masters/Computer Hardware Design/Lab/Lab 6/Part4/Part4.v Line: 142
Info (10041): Inferred latch for "p[11]" at Part4.v(142) File: E:/Masters/Computer Hardware Design/Lab/Lab 6/Part4/Part4.v Line: 142
Info (10041): Inferred latch for "p[12]" at Part4.v(142) File: E:/Masters/Computer Hardware Design/Lab/Lab 6/Part4/Part4.v Line: 142
Info (10041): Inferred latch for "p[13]" at Part4.v(142) File: E:/Masters/Computer Hardware Design/Lab/Lab 6/Part4/Part4.v Line: 142
Info (10041): Inferred latch for "p[14]" at Part4.v(142) File: E:/Masters/Computer Hardware Design/Lab/Lab 6/Part4/Part4.v Line: 142
Info (10041): Inferred latch for "p[15]" at Part4.v(142) File: E:/Masters/Computer Hardware Design/Lab/Lab 6/Part4/Part4.v Line: 142
Info (12128): Elaborating entity "DFlipFlop1" for hierarchy "DFlipFlop1:dff3" File: E:/Masters/Computer Hardware Design/Lab/Lab 6/Part4/Part4.v Line: 29
Info (12128): Elaborating entity "decoder" for hierarchy "decoder:d1" File: E:/Masters/Computer Hardware Design/Lab/Lab 6/Part4/Part4.v Line: 32
Warning (12162): EDA synthesis tool is specified as "Custom", but Library Mapping File is not specified
Warning (12163): EDA synthesis tool is specified as "Custom", but VCC is not specified
Warning (12164): EDA synthesis tool is specified as "Custom", but GND is not specified
Warning (13012): Latch mult8:m1|p[1] has unsafe behavior File: E:/Masters/Computer Hardware Design/Lab/Lab 6/Part4/Part4.v Line: 142
    Warning (13013): Ports D and ENA on the latch are fed by the same signal DFlipFlop:dff2|q[1] File: E:/Masters/Computer Hardware Design/Lab/Lab 6/Part4/Part4.v Line: 83
Warning (13012): Latch mult8:m1|p[2] has unsafe behavior File: E:/Masters/Computer Hardware Design/Lab/Lab 6/Part4/Part4.v Line: 142
    Warning (13013): Ports D and ENA on the latch are fed by the same signal DFlipFlop:dff2|q[2] File: E:/Masters/Computer Hardware Design/Lab/Lab 6/Part4/Part4.v Line: 83
Warning (13012): Latch mult8:m1|p[3] has unsafe behavior File: E:/Masters/Computer Hardware Design/Lab/Lab 6/Part4/Part4.v Line: 142
    Warning (13013): Ports D and ENA on the latch are fed by the same signal DFlipFlop:dff2|q[3] File: E:/Masters/Computer Hardware Design/Lab/Lab 6/Part4/Part4.v Line: 83
Warning (13012): Latch mult8:m1|p[4] has unsafe behavior File: E:/Masters/Computer Hardware Design/Lab/Lab 6/Part4/Part4.v Line: 142
    Warning (13013): Ports D and ENA on the latch are fed by the same signal DFlipFlop:dff2|q[4] File: E:/Masters/Computer Hardware Design/Lab/Lab 6/Part4/Part4.v Line: 83
Warning (13012): Latch mult8:m1|p[5] has unsafe behavior File: E:/Masters/Computer Hardware Design/Lab/Lab 6/Part4/Part4.v Line: 142
    Warning (13013): Ports D and ENA on the latch are fed by the same signal DFlipFlop:dff2|q[5] File: E:/Masters/Computer Hardware Design/Lab/Lab 6/Part4/Part4.v Line: 83
Warning (13012): Latch mult8:m1|p[6] has unsafe behavior File: E:/Masters/Computer Hardware Design/Lab/Lab 6/Part4/Part4.v Line: 142
    Warning (13013): Ports D and ENA on the latch are fed by the same signal DFlipFlop:dff2|q[6] File: E:/Masters/Computer Hardware Design/Lab/Lab 6/Part4/Part4.v Line: 83
Warning (13012): Latch mult8:m1|p[7] has unsafe behavior File: E:/Masters/Computer Hardware Design/Lab/Lab 6/Part4/Part4.v Line: 142
    Warning (13013): Ports D and ENA on the latch are fed by the same signal DFlipFlop:dff2|q[7] File: E:/Masters/Computer Hardware Design/Lab/Lab 6/Part4/Part4.v Line: 83
Warning (13012): Latch mult8:m1|p[8] has unsafe behavior File: E:/Masters/Computer Hardware Design/Lab/Lab 6/Part4/Part4.v Line: 142
    Warning (13013): Ports D and ENA on the latch are fed by the same signal DFlipFlop:dff2|q[7] File: E:/Masters/Computer Hardware Design/Lab/Lab 6/Part4/Part4.v Line: 83
Warning (13012): Latch mult8:m1|p[9] has unsafe behavior File: E:/Masters/Computer Hardware Design/Lab/Lab 6/Part4/Part4.v Line: 142
    Warning (13013): Ports D and ENA on the latch are fed by the same signal DFlipFlop:dff2|q[7] File: E:/Masters/Computer Hardware Design/Lab/Lab 6/Part4/Part4.v Line: 83
Warning (13012): Latch mult8:m1|p[10] has unsafe behavior File: E:/Masters/Computer Hardware Design/Lab/Lab 6/Part4/Part4.v Line: 142
    Warning (13013): Ports D and ENA on the latch are fed by the same signal DFlipFlop:dff2|q[7] File: E:/Masters/Computer Hardware Design/Lab/Lab 6/Part4/Part4.v Line: 83
Warning (13012): Latch mult8:m1|p[11] has unsafe behavior File: E:/Masters/Computer Hardware Design/Lab/Lab 6/Part4/Part4.v Line: 142
    Warning (13013): Ports D and ENA on the latch are fed by the same signal DFlipFlop:dff2|q[7] File: E:/Masters/Computer Hardware Design/Lab/Lab 6/Part4/Part4.v Line: 83
Warning (13012): Latch mult8:m1|p[12] has unsafe behavior File: E:/Masters/Computer Hardware Design/Lab/Lab 6/Part4/Part4.v Line: 142
    Warning (13013): Ports D and ENA on the latch are fed by the same signal DFlipFlop:dff2|q[7] File: E:/Masters/Computer Hardware Design/Lab/Lab 6/Part4/Part4.v Line: 83
Warning (13012): Latch mult8:m1|p[13] has unsafe behavior File: E:/Masters/Computer Hardware Design/Lab/Lab 6/Part4/Part4.v Line: 142
    Warning (13013): Ports D and ENA on the latch are fed by the same signal DFlipFlop:dff2|q[7] File: E:/Masters/Computer Hardware Design/Lab/Lab 6/Part4/Part4.v Line: 83
Warning (13012): Latch mult8:m1|p[14] has unsafe behavior File: E:/Masters/Computer Hardware Design/Lab/Lab 6/Part4/Part4.v Line: 142
    Warning (13013): Ports D and ENA on the latch are fed by the same signal DFlipFlop:dff2|q[7] File: E:/Masters/Computer Hardware Design/Lab/Lab 6/Part4/Part4.v Line: 83
Warning (13012): Latch mult8:m1|p[15] has unsafe behavior File: E:/Masters/Computer Hardware Design/Lab/Lab 6/Part4/Part4.v Line: 142
    Warning (13013): Ports D and ENA on the latch are fed by the same signal DFlipFlop:dff2|q[7] File: E:/Masters/Computer Hardware Design/Lab/Lab 6/Part4/Part4.v Line: 83
Warning (13024): Output pins are stuck at VCC or GND
    Warning (13410): Pin "HEX0[7]" is stuck at VCC File: E:/Masters/Computer Hardware Design/Lab/Lab 6/Part4/Part4.v Line: 6
    Warning (13410): Pin "HEX1[7]" is stuck at VCC File: E:/Masters/Computer Hardware Design/Lab/Lab 6/Part4/Part4.v Line: 6
    Warning (13410): Pin "HEX2[7]" is stuck at VCC File: E:/Masters/Computer Hardware Design/Lab/Lab 6/Part4/Part4.v Line: 6
    Warning (13410): Pin "HEX3[7]" is stuck at VCC File: E:/Masters/Computer Hardware Design/Lab/Lab 6/Part4/Part4.v Line: 6
Info (286030): Timing-Driven Synthesis is running
Info (144001): Generated suppressed messages file E:/Masters/Computer Hardware Design/Lab/Lab 6/Part4/output_files/Part4.map.smsg
Info (16010): Generating hard_block partition "hard_block:auto_generated_inst"
    Info (16011): Adding 0 node(s), including 0 DDIO, 0 PLL, 0 transceiver and 0 LCELL
Warning (21074): Design contains 1 input pin(s) that do not drive logic
    Warning (15610): No output dependent on input pin "CLOCK_50" File: E:/Masters/Computer Hardware Design/Lab/Lab 6/Part4/Part4.v Line: 3
Info (21057): Implemented 316 device resources after synthesis - the final resource count might be different
    Info (21058): Implemented 13 input pins
    Info (21059): Implemented 42 output pins
    Info (21061): Implemented 261 logic cells
Info: Quartus Prime Analysis & Synthesis was successful. 0 errors, 49 warnings
    Info: Peak virtual memory: 4774 megabytes
    Info: Processing ended: Wed Oct 02 13:53:45 2019
    Info: Elapsed time: 00:00:14
    Info: Total CPU time (on all processors): 00:00:23


+------------------------------------------+
; Analysis & Synthesis Suppressed Messages ;
+------------------------------------------+
The suppressed messages can be found in E:/Masters/Computer Hardware Design/Lab/Lab 6/Part4/output_files/Part4.map.smsg.


