Analysis & Synthesis report for Part4
Wed Oct 23 03:53:04 2019
Quartus Prime Version 18.1.0 Build 625 09/12/2018 SJ Lite Edition


---------------------
; Table of Contents ;
---------------------
  1. Legal Notice
  2. Analysis & Synthesis Summary
  3. Analysis & Synthesis Settings
  4. Parallel Compilation
  5. Analysis & Synthesis Source Files Read
  6. Analysis & Synthesis Resource Usage Summary
  7. Analysis & Synthesis Resource Utilization by Entity
  8. Analysis & Synthesis RAM Summary
  9. Analysis & Synthesis IP Cores Summary
 10. General Register Statistics
 11. Source assignments for ram2:comb_14|altsyncram:altsyncram_component|altsyncram_o2r1:auto_generated
 12. Parameter Settings for User Entity Instance: ram2:comb_14|altsyncram:altsyncram_component
 13. altsyncram Parameter Settings by Entity Instance
 14. Port Connectivity Checks: "decoder:d5"
 15. Port Connectivity Checks: "decoder:d3"
 16. Post-Synthesis Netlist Statistics for Top Partition
 17. Elapsed Time Per Partition
 18. Analysis & Synthesis Messages



----------------
; Legal Notice ;
----------------
Copyright (C) 2018  Intel Corporation. All rights reserved.
Your use of Intel Corporation's design tools, logic functions 
and other software and tools, and its AMPP partner logic 
functions, and any output files from any of the foregoing 
(including device programming or simulation files), and any 
associated documentation or information are expressly subject 
to the terms and conditions of the Intel Program License 
Subscription Agreement, the Intel Quartus Prime License Agreement,
the Intel FPGA IP License Agreement, or other applicable license
agreement, including, without limitation, that your use is for
the sole purpose of programming logic devices manufactured by
Intel and sold by Intel or its authorized distributors.  Please
refer to the applicable agreement for further details.



+----------------------------------------------------------------------------------+
; Analysis & Synthesis Summary                                                     ;
+------------------------------------+---------------------------------------------+
; Analysis & Synthesis Status        ; Successful - Wed Oct 23 03:53:04 2019       ;
; Quartus Prime Version              ; 18.1.0 Build 625 09/12/2018 SJ Lite Edition ;
; Revision Name                      ; Part4                                       ;
; Top-level Entity Name              ; Part4                                       ;
; Family                             ; MAX 10                                      ;
; Total logic elements               ; 77                                          ;
;     Total combinational functions  ; 77                                          ;
;     Dedicated logic registers      ; 34                                          ;
; Total registers                    ; 34                                          ;
; Total pins                         ; 71                                          ;
; Total virtual pins                 ; 0                                           ;
; Total memory bits                  ; 128                                         ;
; Embedded Multiplier 9-bit elements ; 0                                           ;
; Total PLLs                         ; 0                                           ;
; UFM blocks                         ; 0                                           ;
; ADC blocks                         ; 0                                           ;
+------------------------------------+---------------------------------------------+


+------------------------------------------------------------------------------------------------------------+
; Analysis & Synthesis Settings                                                                              ;
+------------------------------------------------------------------+--------------------+--------------------+
; Option                                                           ; Setting            ; Default Value      ;
+------------------------------------------------------------------+--------------------+--------------------+
; Device                                                           ; 10M50DAF484C6GES   ;                    ;
; Top-level entity name                                            ; Part4              ; Part4              ;
; Family name                                                      ; MAX 10             ; Cyclone V          ;
; Type of Retiming Performed During Resynthesis                    ; Full               ;                    ;
; Resynthesis Optimization Effort                                  ; Normal             ;                    ;
; Physical Synthesis Level for Resynthesis                         ; Normal             ;                    ;
; Use Generated Physical Constraints File                          ; On                 ;                    ;
; Use smart compilation                                            ; Off                ; Off                ;
; Enable parallel Assembler and Timing Analyzer during compilation ; On                 ; On                 ;
; Enable compact report table                                      ; Off                ; Off                ;
; Restructure Multiplexers                                         ; Auto               ; Auto               ;
; Create Debugging Nodes for IP Cores                              ; Off                ; Off                ;
; Preserve fewer node names                                        ; On                 ; On                 ;
; Intel FPGA IP Evaluation Mode                                    ; Enable             ; Enable             ;
; Verilog Version                                                  ; Verilog_2001       ; Verilog_2001       ;
; VHDL Version                                                     ; VHDL_1993          ; VHDL_1993          ;
; State Machine Processing                                         ; Auto               ; Auto               ;
; Safe State Machine                                               ; Off                ; Off                ;
; Extract Verilog State Machines                                   ; On                 ; On                 ;
; Extract VHDL State Machines                                      ; On                 ; On                 ;
; Ignore Verilog initial constructs                                ; Off                ; Off                ;
; Iteration limit for constant Verilog loops                       ; 5000               ; 5000               ;
; Iteration limit for non-constant Verilog loops                   ; 250                ; 250                ;
; Add Pass-Through Logic to Inferred RAMs                          ; On                 ; On                 ;
; Infer RAMs from Raw Logic                                        ; On                 ; On                 ;
; Parallel Synthesis                                               ; On                 ; On                 ;
; DSP Block Balancing                                              ; Auto               ; Auto               ;
; NOT Gate Push-Back                                               ; On                 ; On                 ;
; Power-Up Don't Care                                              ; On                 ; On                 ;
; Remove Redundant Logic Cells                                     ; Off                ; Off                ;
; Remove Duplicate Registers                                       ; On                 ; On                 ;
; Ignore CARRY Buffers                                             ; Off                ; Off                ;
; Ignore CASCADE Buffers                                           ; Off                ; Off                ;
; Ignore GLOBAL Buffers                                            ; Off                ; Off                ;
; Ignore ROW GLOBAL Buffers                                        ; Off                ; Off                ;
; Ignore LCELL Buffers                                             ; Off                ; Off                ;
; Ignore SOFT Buffers                                              ; On                 ; On                 ;
; Limit AHDL Integers to 32 Bits                                   ; Off                ; Off                ;
; Optimization Technique                                           ; Balanced           ; Balanced           ;
; Carry Chain Length                                               ; 70                 ; 70                 ;
; Auto Carry Chains                                                ; On                 ; On                 ;
; Auto Open-Drain Pins                                             ; On                 ; On                 ;
; Perform WYSIWYG Primitive Resynthesis                            ; Off                ; Off                ;
; Auto ROM Replacement                                             ; On                 ; On                 ;
; Auto RAM Replacement                                             ; On                 ; On                 ;
; Auto DSP Block Replacement                                       ; On                 ; On                 ;
; Auto Shift Register Replacement                                  ; Auto               ; Auto               ;
; Allow Shift Register Merging across Hierarchies                  ; Auto               ; Auto               ;
; Auto Clock Enable Replacement                                    ; On                 ; On                 ;
; Strict RAM Replacement                                           ; Off                ; Off                ;
; Allow Synchronous Control Signals                                ; On                 ; On                 ;
; Force Use of Synchronous Clear Signals                           ; Off                ; Off                ;
; Auto RAM Block Balancing                                         ; On                 ; On                 ;
; Auto RAM to Logic Cell Conversion                                ; Off                ; Off                ;
; Auto Resource Sharing                                            ; Off                ; Off                ;
; Allow Any RAM Size For Recognition                               ; Off                ; Off                ;
; Allow Any ROM Size For Recognition                               ; Off                ; Off                ;
; Allow Any Shift Register Size For Recognition                    ; Off                ; Off                ;
; Use LogicLock Constraints during Resource Balancing              ; On                 ; On                 ;
; Ignore translate_off and synthesis_off directives                ; Off                ; Off                ;
; Timing-Driven Synthesis                                          ; On                 ; On                 ;
; Report Parameter Settings                                        ; On                 ; On                 ;
; Report Source Assignments                                        ; On                 ; On                 ;
; Report Connectivity Checks                                       ; On                 ; On                 ;
; Ignore Maximum Fan-Out Assignments                               ; Off                ; Off                ;
; Synchronization Register Chain Length                            ; 2                  ; 2                  ;
; Power Optimization During Synthesis                              ; Normal compilation ; Normal compilation ;
; HDL message level                                                ; Level2             ; Level2             ;
; Suppress Register Optimization Related Messages                  ; Off                ; Off                ;
; Number of Removed Registers Reported in Synthesis Report         ; 5000               ; 5000               ;
; Number of Swept Nodes Reported in Synthesis Report               ; 5000               ; 5000               ;
; Number of Inverted Registers Reported in Synthesis Report        ; 100                ; 100                ;
; Clock MUX Protection                                             ; On                 ; On                 ;
; Auto Gated Clock Conversion                                      ; Off                ; Off                ;
; Block Design Naming                                              ; Auto               ; Auto               ;
; SDC constraint protection                                        ; Off                ; Off                ;
; Synthesis Effort                                                 ; Auto               ; Auto               ;
; Shift Register Replacement - Allow Asynchronous Clear Signal     ; On                 ; On                 ;
; Pre-Mapping Resynthesis Optimization                             ; Off                ; Off                ;
; Analysis & Synthesis Message Level                               ; Medium             ; Medium             ;
; Disable Register Merging Across Hierarchies                      ; Auto               ; Auto               ;
; Resource Aware Inference For Block RAM                           ; On                 ; On                 ;
+------------------------------------------------------------------+--------------------+--------------------+


+------------------------------------------+
; Parallel Compilation                     ;
+----------------------------+-------------+
; Processors                 ; Number      ;
+----------------------------+-------------+
; Number detected on machine ; 4           ;
; Maximum allowed            ; 4           ;
;                            ;             ;
; Average used               ; 1.00        ;
; Maximum used               ; 4           ;
;                            ;             ;
; Usage by Processor         ; % Time Used ;
;     Processor 1            ; 100.0%      ;
;     Processor 2            ;   0.0%      ;
;     Processors 3-4         ;   0.0%      ;
+----------------------------+-------------+


+--------------------------------------------------------------------------------------------------------------------------------------------------------------------------------+
; Analysis & Synthesis Source Files Read                                                                                                                                         ;
+----------------------------------+-----------------+----------------------------------+------------------------------------------------------------------------------+---------+
; File Name with User-Entered Path ; Used in Netlist ; File Type                        ; File Name with Absolute Path                                                 ; Library ;
+----------------------------------+-----------------+----------------------------------+------------------------------------------------------------------------------+---------+
; ram2.v                           ; yes             ; User Wizard-Generated File       ; E:/Masters/Computer Hardware Design/Lab/Lab 8/ram2.v                         ;         ;
; ram2.mif                         ; yes             ; User Memory Initialization File  ; E:/Masters/Computer Hardware Design/Lab/Lab 8/ram2.mif                       ;         ;
; Part4.v                          ; yes             ; User Verilog HDL File            ; E:/Masters/Computer Hardware Design/Lab/Lab 8/Part4.v                        ;         ;
; altsyncram.tdf                   ; yes             ; Megafunction                     ; c:/intelfpga_lite/18.1/quartus/libraries/megafunctions/altsyncram.tdf        ;         ;
; stratix_ram_block.inc            ; yes             ; Megafunction                     ; c:/intelfpga_lite/18.1/quartus/libraries/megafunctions/stratix_ram_block.inc ;         ;
; lpm_mux.inc                      ; yes             ; Megafunction                     ; c:/intelfpga_lite/18.1/quartus/libraries/megafunctions/lpm_mux.inc           ;         ;
; lpm_decode.inc                   ; yes             ; Megafunction                     ; c:/intelfpga_lite/18.1/quartus/libraries/megafunctions/lpm_decode.inc        ;         ;
; aglobal181.inc                   ; yes             ; Megafunction                     ; c:/intelfpga_lite/18.1/quartus/libraries/megafunctions/aglobal181.inc        ;         ;
; a_rdenreg.inc                    ; yes             ; Megafunction                     ; c:/intelfpga_lite/18.1/quartus/libraries/megafunctions/a_rdenreg.inc         ;         ;
; altrom.inc                       ; yes             ; Megafunction                     ; c:/intelfpga_lite/18.1/quartus/libraries/megafunctions/altrom.inc            ;         ;
; altram.inc                       ; yes             ; Megafunction                     ; c:/intelfpga_lite/18.1/quartus/libraries/megafunctions/altram.inc            ;         ;
; altdpram.inc                     ; yes             ; Megafunction                     ; c:/intelfpga_lite/18.1/quartus/libraries/megafunctions/altdpram.inc          ;         ;
; db/altsyncram_o2r1.tdf           ; yes             ; Auto-Generated Megafunction      ; E:/Masters/Computer Hardware Design/Lab/Lab 8/db/altsyncram_o2r1.tdf         ;         ;
+----------------------------------+-----------------+----------------------------------+------------------------------------------------------------------------------+---------+


+--------------------------------------------------------------+
; Analysis & Synthesis Resource Usage Summary                  ;
+---------------------------------------------+----------------+
; Resource                                    ; Usage          ;
+---------------------------------------------+----------------+
; Estimated Total logic elements              ; 77             ;
;                                             ;                ;
; Total combinational functions               ; 77             ;
; Logic element usage by number of LUT inputs ;                ;
;     -- 4 input functions                    ; 30             ;
;     -- 3 input functions                    ; 0              ;
;     -- <=2 input functions                  ; 47             ;
;                                             ;                ;
; Logic elements by mode                      ;                ;
;     -- normal mode                          ; 46             ;
;     -- arithmetic mode                      ; 31             ;
;                                             ;                ;
; Total registers                             ; 34             ;
;     -- Dedicated logic registers            ; 34             ;
;     -- I/O registers                        ; 0              ;
;                                             ;                ;
; I/O pins                                    ; 71             ;
; Total memory bits                           ; 128            ;
;                                             ;                ;
; Embedded Multiplier 9-bit elements          ; 0              ;
;                                             ;                ;
; Maximum fan-out node                        ; CLOCK_50~input ;
; Maximum fan-out                             ; 29             ;
; Total fan-out                               ; 461            ;
; Average fan-out                             ; 1.79           ;
+---------------------------------------------+----------------+


+----------------------------------------------------------------------------------------------------------------------------------------------------------------------------------------------------------------------------------------------------------------------------------------------------------------------+
; Analysis & Synthesis Resource Utilization by Entity                                                                                                                                                                                                                                                                  ;
+-------------------------------------------+---------------------+---------------------------+-------------+------------+--------------+---------+-----------+------+--------------+------------+------------------------------------------------------------------------------------+-----------------+--------------+
; Compilation Hierarchy Node                ; Combinational ALUTs ; Dedicated Logic Registers ; Memory Bits ; UFM Blocks ; DSP Elements ; DSP 9x9 ; DSP 18x18 ; Pins ; Virtual Pins ; ADC blocks ; Full Hierarchy Name                                                                ; Entity Name     ; Library Name ;
+-------------------------------------------+---------------------+---------------------------+-------------+------------+--------------+---------+-----------+------+--------------+------------+------------------------------------------------------------------------------------+-----------------+--------------+
; |Part4                                    ; 77 (5)              ; 34 (5)                    ; 128         ; 0          ; 0            ; 0       ; 0         ; 71   ; 0            ; 0          ; |Part4                                                                             ; Part4           ; work         ;
;    |decoder:d1|                           ; 7 (7)               ; 0 (0)                     ; 0           ; 0          ; 0            ; 0       ; 0         ; 0    ; 0            ; 0          ; |Part4|decoder:d1                                                                  ; decoder         ; work         ;
;    |decoder:d2|                           ; 7 (7)               ; 0 (0)                     ; 0           ; 0          ; 0            ; 0       ; 0         ; 0    ; 0            ; 0          ; |Part4|decoder:d2                                                                  ; decoder         ; work         ;
;    |decoder:d4|                           ; 7 (7)               ; 0 (0)                     ; 0           ; 0          ; 0            ; 0       ; 0         ; 0    ; 0            ; 0          ; |Part4|decoder:d4                                                                  ; decoder         ; work         ;
;    |ram2:comb_14|                         ; 0 (0)               ; 0 (0)                     ; 128         ; 0          ; 0            ; 0       ; 0         ; 0    ; 0            ; 0          ; |Part4|ram2:comb_14                                                                ; ram2            ; work         ;
;       |altsyncram:altsyncram_component|   ; 0 (0)               ; 0 (0)                     ; 128         ; 0          ; 0            ; 0       ; 0         ; 0    ; 0            ; 0          ; |Part4|ram2:comb_14|altsyncram:altsyncram_component                                ; altsyncram      ; work         ;
;          |altsyncram_o2r1:auto_generated| ; 0 (0)               ; 0 (0)                     ; 128         ; 0          ; 0            ; 0       ; 0         ; 0    ; 0            ; 0          ; |Part4|ram2:comb_14|altsyncram:altsyncram_component|altsyncram_o2r1:auto_generated ; altsyncram_o2r1 ; work         ;
;    |slowClock:comb_15|                    ; 51 (51)             ; 29 (29)                   ; 0           ; 0          ; 0            ; 0       ; 0         ; 0    ; 0            ; 0          ; |Part4|slowClock:comb_15                                                           ; slowClock       ; work         ;
+-------------------------------------------+---------------------+---------------------------+-------------+------------+--------------+---------+-----------+------+--------------+------------+------------------------------------------------------------------------------------+-----------------+--------------+
Note: For table entries with two numbers listed, the numbers in parentheses indicate the number of resources of the given type used by the specific entity alone. The numbers listed outside of parentheses indicate the total resources of the given type used by the specific entity and all of its sub-entities in the hierarchy.


+------------------------------------------------------------------------------------------------------------------------------------------------------------------------------------------------+
; Analysis & Synthesis RAM Summary                                                                                                                                                               ;
+----------------------------------------------------------------------------------------+------+------------------+--------------+--------------+--------------+--------------+------+----------+
; Name                                                                                   ; Type ; Mode             ; Port A Depth ; Port A Width ; Port B Depth ; Port B Width ; Size ; MIF      ;
+----------------------------------------------------------------------------------------+------+------------------+--------------+--------------+--------------+--------------+------+----------+
; ram2:comb_14|altsyncram:altsyncram_component|altsyncram_o2r1:auto_generated|ALTSYNCRAM ; M9K  ; Simple Dual Port ; 32           ; 4            ; 32           ; 4            ; 128  ; ram2.mif ;
+----------------------------------------------------------------------------------------+------+------------------+--------------+--------------+--------------+--------------+------+----------+


+-------------------------------------------------------------------------------------------------------+
; Analysis & Synthesis IP Cores Summary                                                                 ;
+--------+--------------+---------+--------------+--------------+---------------------+-----------------+
; Vendor ; IP Core Name ; Version ; Release Date ; License Type ; Entity Instance     ; IP Include File ;
+--------+--------------+---------+--------------+--------------+---------------------+-----------------+
; Altera ; RAM: 2-PORT  ; 18.1    ; N/A          ; N/A          ; |Part4|ram2:comb_14 ; ram2.v          ;
+--------+--------------+---------+--------------+--------------+---------------------+-----------------+


+------------------------------------------------------+
; General Register Statistics                          ;
+----------------------------------------------+-------+
; Statistic                                    ; Value ;
+----------------------------------------------+-------+
; Total registers                              ; 34    ;
; Number of registers using Synchronous Clear  ; 0     ;
; Number of registers using Synchronous Load   ; 0     ;
; Number of registers using Asynchronous Clear ; 29    ;
; Number of registers using Asynchronous Load  ; 0     ;
; Number of registers using Clock Enable       ; 0     ;
; Number of registers using Preset             ; 0     ;
+----------------------------------------------+-------+


+----------------------------------------------------------------------------------------------------+
; Source assignments for ram2:comb_14|altsyncram:altsyncram_component|altsyncram_o2r1:auto_generated ;
+---------------------------------+--------------------+------+--------------------------------------+
; Assignment                      ; Value              ; From ; To                                   ;
+---------------------------------+--------------------+------+--------------------------------------+
; OPTIMIZE_POWER_DURING_SYNTHESIS ; NORMAL_COMPILATION ; -    ; -                                    ;
+---------------------------------+--------------------+------+--------------------------------------+


+-------------------------------------------------------------------------------------------+
; Parameter Settings for User Entity Instance: ram2:comb_14|altsyncram:altsyncram_component ;
+------------------------------------+----------------------+-------------------------------+
; Parameter Name                     ; Value                ; Type                          ;
+------------------------------------+----------------------+-------------------------------+
; BYTE_SIZE_BLOCK                    ; 8                    ; Untyped                       ;
; AUTO_CARRY_CHAINS                  ; ON                   ; AUTO_CARRY                    ;
; IGNORE_CARRY_BUFFERS               ; OFF                  ; IGNORE_CARRY                  ;
; AUTO_CASCADE_CHAINS                ; ON                   ; AUTO_CASCADE                  ;
; IGNORE_CASCADE_BUFFERS             ; OFF                  ; IGNORE_CASCADE                ;
; WIDTH_BYTEENA                      ; 1                    ; Untyped                       ;
; OPERATION_MODE                     ; DUAL_PORT            ; Untyped                       ;
; WIDTH_A                            ; 4                    ; Signed Integer                ;
; WIDTHAD_A                          ; 5                    ; Signed Integer                ;
; NUMWORDS_A                         ; 32                   ; Signed Integer                ;
; OUTDATA_REG_A                      ; UNREGISTERED         ; Untyped                       ;
; ADDRESS_ACLR_A                     ; NONE                 ; Untyped                       ;
; OUTDATA_ACLR_A                     ; NONE                 ; Untyped                       ;
; WRCONTROL_ACLR_A                   ; NONE                 ; Untyped                       ;
; INDATA_ACLR_A                      ; NONE                 ; Untyped                       ;
; BYTEENA_ACLR_A                     ; NONE                 ; Untyped                       ;
; WIDTH_B                            ; 4                    ; Signed Integer                ;
; WIDTHAD_B                          ; 5                    ; Signed Integer                ;
; NUMWORDS_B                         ; 32                   ; Signed Integer                ;
; INDATA_REG_B                       ; CLOCK1               ; Untyped                       ;
; WRCONTROL_WRADDRESS_REG_B          ; CLOCK1               ; Untyped                       ;
; RDCONTROL_REG_B                    ; CLOCK1               ; Untyped                       ;
; ADDRESS_REG_B                      ; CLOCK0               ; Untyped                       ;
; OUTDATA_REG_B                      ; UNREGISTERED         ; Untyped                       ;
; BYTEENA_REG_B                      ; CLOCK1               ; Untyped                       ;
; INDATA_ACLR_B                      ; NONE                 ; Untyped                       ;
; WRCONTROL_ACLR_B                   ; NONE                 ; Untyped                       ;
; ADDRESS_ACLR_B                     ; NONE                 ; Untyped                       ;
; OUTDATA_ACLR_B                     ; NONE                 ; Untyped                       ;
; RDCONTROL_ACLR_B                   ; NONE                 ; Untyped                       ;
; BYTEENA_ACLR_B                     ; NONE                 ; Untyped                       ;
; WIDTH_BYTEENA_A                    ; 1                    ; Signed Integer                ;
; WIDTH_BYTEENA_B                    ; 1                    ; Untyped                       ;
; RAM_BLOCK_TYPE                     ; M9K                  ; Untyped                       ;
; BYTE_SIZE                          ; 8                    ; Untyped                       ;
; READ_DURING_WRITE_MODE_MIXED_PORTS ; DONT_CARE            ; Untyped                       ;
; READ_DURING_WRITE_MODE_PORT_A      ; NEW_DATA_NO_NBE_READ ; Untyped                       ;
; READ_DURING_WRITE_MODE_PORT_B      ; NEW_DATA_NO_NBE_READ ; Untyped                       ;
; INIT_FILE                          ; ram2.mif             ; Untyped                       ;
; INIT_FILE_LAYOUT                   ; PORT_A               ; Untyped                       ;
; MAXIMUM_DEPTH                      ; 0                    ; Untyped                       ;
; CLOCK_ENABLE_INPUT_A               ; BYPASS               ; Untyped                       ;
; CLOCK_ENABLE_INPUT_B               ; BYPASS               ; Untyped                       ;
; CLOCK_ENABLE_OUTPUT_A              ; NORMAL               ; Untyped                       ;
; CLOCK_ENABLE_OUTPUT_B              ; BYPASS               ; Untyped                       ;
; CLOCK_ENABLE_CORE_A                ; USE_INPUT_CLKEN      ; Untyped                       ;
; CLOCK_ENABLE_CORE_B                ; USE_INPUT_CLKEN      ; Untyped                       ;
; ENABLE_ECC                         ; FALSE                ; Untyped                       ;
; ECC_PIPELINE_STAGE_ENABLED         ; FALSE                ; Untyped                       ;
; WIDTH_ECCSTATUS                    ; 3                    ; Untyped                       ;
; DEVICE_FAMILY                      ; MAX 10               ; Untyped                       ;
; CBXI_PARAMETER                     ; altsyncram_o2r1      ; Untyped                       ;
+------------------------------------+----------------------+-------------------------------+
Note: In order to hide this table in the UI and the text report file, please set the "Show Parameter Settings in Synthesis Report" option in "Analysis and Synthesis Settings -> More Settings" to "Off".


+------------------------------------------------------------------------------------------+
; altsyncram Parameter Settings by Entity Instance                                         ;
+-------------------------------------------+----------------------------------------------+
; Name                                      ; Value                                        ;
+-------------------------------------------+----------------------------------------------+
; Number of entity instances                ; 1                                            ;
; Entity Instance                           ; ram2:comb_14|altsyncram:altsyncram_component ;
;     -- OPERATION_MODE                     ; DUAL_PORT                                    ;
;     -- WIDTH_A                            ; 4                                            ;
;     -- NUMWORDS_A                         ; 32                                           ;
;     -- OUTDATA_REG_A                      ; UNREGISTERED                                 ;
;     -- WIDTH_B                            ; 4                                            ;
;     -- NUMWORDS_B                         ; 32                                           ;
;     -- ADDRESS_REG_B                      ; CLOCK0                                       ;
;     -- OUTDATA_REG_B                      ; UNREGISTERED                                 ;
;     -- RAM_BLOCK_TYPE                     ; M9K                                          ;
;     -- READ_DURING_WRITE_MODE_MIXED_PORTS ; DONT_CARE                                    ;
+-------------------------------------------+----------------------------------------------+


+---------------------------------------------+
; Port Connectivity Checks: "decoder:d5"      ;
+-----------+-------+----------+--------------+
; Port      ; Type  ; Severity ; Details      ;
+-----------+-------+----------+--------------+
; bcd[3..1] ; Input ; Info     ; Stuck at GND ;
+-----------+-------+----------+--------------+


+---------------------------------------------+
; Port Connectivity Checks: "decoder:d3"      ;
+-----------+-------+----------+--------------+
; Port      ; Type  ; Severity ; Details      ;
+-----------+-------+----------+--------------+
; bcd[3..1] ; Input ; Info     ; Stuck at GND ;
+-----------+-------+----------+--------------+


+-----------------------------------------------------+
; Post-Synthesis Netlist Statistics for Top Partition ;
+-----------------------+-----------------------------+
; Type                  ; Count                       ;
+-----------------------+-----------------------------+
; boundary_port         ; 71                          ;
; cycloneiii_ff         ; 34                          ;
;     CLR               ; 29                          ;
;     plain             ; 5                           ;
; cycloneiii_lcell_comb ; 82                          ;
;     arith             ; 31                          ;
;         2 data inputs ; 31                          ;
;     normal            ; 51                          ;
;         0 data inputs ; 2                           ;
;         1 data inputs ; 5                           ;
;         2 data inputs ; 14                          ;
;         4 data inputs ; 30                          ;
; cycloneiii_ram_block  ; 4                           ;
;                       ;                             ;
; Max LUT depth         ; 4.40                        ;
; Average LUT depth     ; 2.84                        ;
+-----------------------+-----------------------------+


+-------------------------------+
; Elapsed Time Per Partition    ;
+----------------+--------------+
; Partition Name ; Elapsed Time ;
+----------------+--------------+
; Top            ; 00:00:00     ;
+----------------+--------------+


+-------------------------------+
; Analysis & Synthesis Messages ;
+-------------------------------+
Info: *******************************************************************
Info: Running Quartus Prime Analysis & Synthesis
    Info: Version 18.1.0 Build 625 09/12/2018 SJ Lite Edition
    Info: Processing started: Wed Oct 23 03:52:48 2019
Info: Command: quartus_map --read_settings_files=on --write_settings_files=off Part4 -c Part4
Warning (18236): Number of processors has not been specified which may cause overloading on shared machines.  Set the global assignment NUM_PARALLEL_PROCESSORS in your QSF to an appropriate value for best performance.
Info (20030): Parallel compilation is enabled and will use 4 of the 4 processors detected
Info (12021): Found 1 design units, including 1 entities, in source file ram2.v
    Info (12023): Found entity 1: ram2 File: E:/Masters/Computer Hardware Design/Lab/Lab 8/ram2.v Line: 39
Info (12021): Found 3 design units, including 3 entities, in source file part4.v
    Info (12023): Found entity 1: Part4 File: E:/Masters/Computer Hardware Design/Lab/Lab 8/Part4.v Line: 1
    Info (12023): Found entity 2: decoder File: E:/Masters/Computer Hardware Design/Lab/Lab 8/Part4.v Line: 66
    Info (12023): Found entity 3: slowClock File: E:/Masters/Computer Hardware Design/Lab/Lab 8/Part4.v Line: 110
Critical Warning (10846): Verilog HDL Instantiation warning at Part4.v(25): instance has no name File: E:/Masters/Computer Hardware Design/Lab/Lab 8/Part4.v Line: 25
Critical Warning (10846): Verilog HDL Instantiation warning at Part4.v(26): instance has no name File: E:/Masters/Computer Hardware Design/Lab/Lab 8/Part4.v Line: 26
Warning (12162): EDA synthesis tool is specified as "Custom", but Library Mapping File is not specified
Warning (12163): EDA synthesis tool is specified as "Custom", but VCC is not specified
Warning (12164): EDA synthesis tool is specified as "Custom", but GND is not specified
Info (12127): Elaborating entity "Part4" for the top level hierarchy
Warning (10230): Verilog HDL assignment warning at Part4.v(33): truncated value with size 32 to match size of target (5) File: E:/Masters/Computer Hardware Design/Lab/Lab 8/Part4.v Line: 33
Warning (10034): Output port "LEDR" at Part4.v(5) has no driver File: E:/Masters/Computer Hardware Design/Lab/Lab 8/Part4.v Line: 5
Info (12128): Elaborating entity "ram2" for hierarchy "ram2:comb_14" File: E:/Masters/Computer Hardware Design/Lab/Lab 8/Part4.v Line: 25
Info (12128): Elaborating entity "altsyncram" for hierarchy "ram2:comb_14|altsyncram:altsyncram_component" File: E:/Masters/Computer Hardware Design/Lab/Lab 8/ram2.v Line: 88
Info (12130): Elaborated megafunction instantiation "ram2:comb_14|altsyncram:altsyncram_component" File: E:/Masters/Computer Hardware Design/Lab/Lab 8/ram2.v Line: 88
Info (12133): Instantiated megafunction "ram2:comb_14|altsyncram:altsyncram_component" with the following parameter: File: E:/Masters/Computer Hardware Design/Lab/Lab 8/ram2.v Line: 88
    Info (12134): Parameter "address_aclr_b" = "NONE"
    Info (12134): Parameter "address_reg_b" = "CLOCK0"
    Info (12134): Parameter "clock_enable_input_a" = "BYPASS"
    Info (12134): Parameter "clock_enable_input_b" = "BYPASS"
    Info (12134): Parameter "clock_enable_output_b" = "BYPASS"
    Info (12134): Parameter "init_file" = "ram2.mif"
    Info (12134): Parameter "intended_device_family" = "MAX 10"
    Info (12134): Parameter "lpm_type" = "altsyncram"
    Info (12134): Parameter "numwords_a" = "32"
    Info (12134): Parameter "numwords_b" = "32"
    Info (12134): Parameter "operation_mode" = "DUAL_PORT"
    Info (12134): Parameter "outdata_aclr_b" = "NONE"
    Info (12134): Parameter "outdata_reg_b" = "UNREGISTERED"
    Info (12134): Parameter "power_up_uninitialized" = "FALSE"
    Info (12134): Parameter "ram_block_type" = "M9K"
    Info (12134): Parameter "read_during_write_mode_mixed_ports" = "DONT_CARE"
    Info (12134): Parameter "widthad_a" = "5"
    Info (12134): Parameter "widthad_b" = "5"
    Info (12134): Parameter "width_a" = "4"
    Info (12134): Parameter "width_b" = "4"
    Info (12134): Parameter "width_byteena_a" = "1"
Info (12021): Found 1 design units, including 1 entities, in source file db/altsyncram_o2r1.tdf
    Info (12023): Found entity 1: altsyncram_o2r1 File: E:/Masters/Computer Hardware Design/Lab/Lab 8/db/altsyncram_o2r1.tdf Line: 27
Info (12128): Elaborating entity "altsyncram_o2r1" for hierarchy "ram2:comb_14|altsyncram:altsyncram_component|altsyncram_o2r1:auto_generated" File: c:/intelfpga_lite/18.1/quartus/libraries/megafunctions/altsyncram.tdf Line: 791
Info (12128): Elaborating entity "slowClock" for hierarchy "slowClock:comb_15" File: E:/Masters/Computer Hardware Design/Lab/Lab 8/Part4.v Line: 26
Warning (10230): Verilog HDL assignment warning at Part4.v(126): truncated value with size 32 to match size of target (28) File: E:/Masters/Computer Hardware Design/Lab/Lab 8/Part4.v Line: 126
Info (12128): Elaborating entity "decoder" for hierarchy "decoder:d1" File: E:/Masters/Computer Hardware Design/Lab/Lab 8/Part4.v Line: 36
Warning (12162): EDA synthesis tool is specified as "Custom", but Library Mapping File is not specified
Warning (12163): EDA synthesis tool is specified as "Custom", but VCC is not specified
Warning (12164): EDA synthesis tool is specified as "Custom", but GND is not specified
Warning (13024): Output pins are stuck at VCC or GND
    Warning (13410): Pin "LEDR[0]" is stuck at GND File: E:/Masters/Computer Hardware Design/Lab/Lab 8/Part4.v Line: 5
    Warning (13410): Pin "LEDR[1]" is stuck at GND File: E:/Masters/Computer Hardware Design/Lab/Lab 8/Part4.v Line: 5
    Warning (13410): Pin "LEDR[2]" is stuck at GND File: E:/Masters/Computer Hardware Design/Lab/Lab 8/Part4.v Line: 5
    Warning (13410): Pin "LEDR[3]" is stuck at GND File: E:/Masters/Computer Hardware Design/Lab/Lab 8/Part4.v Line: 5
    Warning (13410): Pin "LEDR[4]" is stuck at GND File: E:/Masters/Computer Hardware Design/Lab/Lab 8/Part4.v Line: 5
    Warning (13410): Pin "LEDR[5]" is stuck at GND File: E:/Masters/Computer Hardware Design/Lab/Lab 8/Part4.v Line: 5
    Warning (13410): Pin "LEDR[6]" is stuck at GND File: E:/Masters/Computer Hardware Design/Lab/Lab 8/Part4.v Line: 5
    Warning (13410): Pin "LEDR[7]" is stuck at GND File: E:/Masters/Computer Hardware Design/Lab/Lab 8/Part4.v Line: 5
    Warning (13410): Pin "LEDR[8]" is stuck at GND File: E:/Masters/Computer Hardware Design/Lab/Lab 8/Part4.v Line: 5
    Warning (13410): Pin "LEDR[9]" is stuck at GND File: E:/Masters/Computer Hardware Design/Lab/Lab 8/Part4.v Line: 5
    Warning (13410): Pin "HEX0[7]" is stuck at VCC File: E:/Masters/Computer Hardware Design/Lab/Lab 8/Part4.v Line: 6
    Warning (13410): Pin "HEX1[0]" is stuck at VCC File: E:/Masters/Computer Hardware Design/Lab/Lab 8/Part4.v Line: 6
    Warning (13410): Pin "HEX1[1]" is stuck at VCC File: E:/Masters/Computer Hardware Design/Lab/Lab 8/Part4.v Line: 6
    Warning (13410): Pin "HEX1[2]" is stuck at VCC File: E:/Masters/Computer Hardware Design/Lab/Lab 8/Part4.v Line: 6
    Warning (13410): Pin "HEX1[3]" is stuck at VCC File: E:/Masters/Computer Hardware Design/Lab/Lab 8/Part4.v Line: 6
    Warning (13410): Pin "HEX1[4]" is stuck at VCC File: E:/Masters/Computer Hardware Design/Lab/Lab 8/Part4.v Line: 6
    Warning (13410): Pin "HEX1[5]" is stuck at VCC File: E:/Masters/Computer Hardware Design/Lab/Lab 8/Part4.v Line: 6
    Warning (13410): Pin "HEX1[6]" is stuck at VCC File: E:/Masters/Computer Hardware Design/Lab/Lab 8/Part4.v Line: 6
    Warning (13410): Pin "HEX1[7]" is stuck at VCC File: E:/Masters/Computer Hardware Design/Lab/Lab 8/Part4.v Line: 6
    Warning (13410): Pin "HEX2[7]" is stuck at VCC File: E:/Masters/Computer Hardware Design/Lab/Lab 8/Part4.v Line: 6
    Warning (13410): Pin "HEX3[1]" is stuck at GND File: E:/Masters/Computer Hardware Design/Lab/Lab 8/Part4.v Line: 6
    Warning (13410): Pin "HEX3[2]" is stuck at GND File: E:/Masters/Computer Hardware Design/Lab/Lab 8/Part4.v Line: 6
    Warning (13410): Pin "HEX3[6]" is stuck at VCC File: E:/Masters/Computer Hardware Design/Lab/Lab 8/Part4.v Line: 6
    Warning (13410): Pin "HEX3[7]" is stuck at VCC File: E:/Masters/Computer Hardware Design/Lab/Lab 8/Part4.v Line: 6
    Warning (13410): Pin "HEX4[7]" is stuck at VCC File: E:/Masters/Computer Hardware Design/Lab/Lab 8/Part4.v Line: 6
    Warning (13410): Pin "HEX5[1]" is stuck at GND File: E:/Masters/Computer Hardware Design/Lab/Lab 8/Part4.v Line: 6
    Warning (13410): Pin "HEX5[2]" is stuck at GND File: E:/Masters/Computer Hardware Design/Lab/Lab 8/Part4.v Line: 6
    Warning (13410): Pin "HEX5[6]" is stuck at VCC File: E:/Masters/Computer Hardware Design/Lab/Lab 8/Part4.v Line: 6
    Warning (13410): Pin "HEX5[7]" is stuck at VCC File: E:/Masters/Computer Hardware Design/Lab/Lab 8/Part4.v Line: 6
Info (286030): Timing-Driven Synthesis is running
Info (16010): Generating hard_block partition "hard_block:auto_generated_inst"
    Info (16011): Adding 0 node(s), including 0 DDIO, 0 PLL, 0 transceiver and 0 LCELL
Warning (21074): Design contains 1 input pin(s) that do not drive logic
    Warning (15610): No output dependent on input pin "KEY[1]" File: E:/Masters/Computer Hardware Design/Lab/Lab 8/Part4.v Line: 3
Info (21057): Implemented 152 device resources after synthesis - the final resource count might be different
    Info (21058): Implemented 13 input pins
    Info (21059): Implemented 58 output pins
    Info (21061): Implemented 77 logic cells
    Info (21064): Implemented 4 RAM segments
Info: Quartus Prime Analysis & Synthesis was successful. 0 errors, 44 warnings
    Info: Peak virtual memory: 4785 megabytes
    Info: Processing ended: Wed Oct 23 03:53:04 2019
    Info: Elapsed time: 00:00:16
    Info: Total CPU time (on all processors): 00:00:27


